producer_class	xtools.gsea.Gsea
producer_timestamp	1739903317352
param	zip_report	false
param	num	100
param	scoring_scheme	weighted
param	norm	meandiv
param	out	C:\Users\Alice.Piller\OneDrive - AHRI\Documents\COVID-19 Neutralisation\sourceDataAndFiguresv2\data\gsea\D614GNeutralization
param	mode	Max_probe
param	include_only_symbols	true
param	set_max	500
param	gmx	ftp.broadinstitute.org://pub/gsea/msigdb/human/gene_sets/h.all.v2024.1.Hs.symbols.gmt
param	plot_top_x	20
param	nperm	10000
param	order	descending
param	rnd_seed	timestamp
param	rpt_label	D614GNeutralization
param	set_min	10
param	res	C:\Users\Alice.Piller\OneDrive - AHRI\Documents\COVID-19 Neutralisation\sourceDataAndFiguresv2\data\gsea\D614GNeutralization\proteinsD614GNeutralization.gct.txt
param	chip	ftp.broadinstitute.org://pub/gsea/msigdb/human/annotations/Human_UniProt_IDs_MSigDB.v2024.1.Hs.chip
param	create_svgs	false
param	cls	C:\Users\Alice.Piller\OneDrive - AHRI\Documents\COVID-19 Neutralisation\sourceDataAndFiguresv2\data\gsea\D614GNeutralization\phenotypesD614GNeutralization.cls.txt#D614GNeutralization
param	sort	real
param	create_gcts	false
param	help	false
param	save_rnd_lists	false
param	median	false
param	metric	Pearson
param	make_sets	true
param	rnd_type	no_balance
param	gui	false
param	permute	gene_set
param	collapse	Collapse

file	C:\Users\Alice.Piller\OneDrive - AHRI\Documents\COVID-19 Neutralisation\sourceDataAndFiguresv2\data\gsea\D614GNeutralization\D614GNeutralization.Gsea.1739903317352\index.html
