producer_class	xtools.gsea.Gsea
producer_timestamp	1742766240755
param	zip_report	false
param	num	100
param	scoring_scheme	weighted
param	norm	meandiv
param	out	C:\Users\Alice.Piller\OneDrive - AHRI\Documents\COVID-19 Neutralisation\sourceDataAndFiguresv2\data\gsea\Spike.D614G_tp2_Binom
param	mode	Max_probe
param	include_only_symbols	true
param	set_max	500
param	gmx	C:\Users\Alice.Piller\Downloads\h.all.v2024.1.Hs.symbols.gmt
param	plot_top_x	20
param	nperm	10000
param	order	descending
param	rnd_seed	timestamp
param	rpt_label	Spike.D614G_tp2_Binom
param	set_min	10
param	res	C:\Users\Alice.Piller\OneDrive - AHRI\Documents\COVID-19 Neutralisation\sourceDataAndFiguresv2\data\gsea\Spike.D614G_tp2_Binom\proteinsSpike.D614G_tp2_Binom.gct.txt
param	chip	C:\Users\Alice.Piller\Downloads\Human_UniProt_IDs_MSigDB.v7.0.chip
param	create_svgs	false
param	cls	C:\Users\Alice.Piller\OneDrive - AHRI\Documents\COVID-19 Neutralisation\sourceDataAndFiguresv2\data\gsea\Spike.D614G_tp2_Binom\phenotypesSpike.D614G_tp2_Binom.cls.txt#1_versus_0
param	sort	real
param	create_gcts	false
param	help	false
param	save_rnd_lists	false
param	median	false
param	metric	Signal2Noise
param	make_sets	true
param	rnd_type	no_balance
param	gui	false
param	permute	gene_set
param	collapse	Collapse

file	C:\Users\Alice.Piller\OneDrive - AHRI\Documents\COVID-19 Neutralisation\sourceDataAndFiguresv2\data\gsea\Spike.D614G_tp2_Binom\Spike.D614G_tp2_Binom.Gsea.1742766240755\index.html
