producer_class	xtools.gsea.Gsea
producer_timestamp	1739901465163
param	zip_report	false
param	num	100
param	scoring_scheme	weighted
param	norm	meandiv
param	out	C:\Users\Alice.Piller\OneDrive - AHRI\Documents\COVID-19 Neutralisation\sourceDataAndFiguresv2\data\gsea\Neuts_Binom
param	mode	Max_probe
param	include_only_symbols	true
param	set_max	500
param	gmx	ftp.broadinstitute.org://pub/gsea/msigdb/human/gene_sets/h.all.v2024.1.Hs.symbols.gmt
param	plot_top_x	20
param	nperm	1000
param	order	descending
param	rnd_seed	timestamp
param	rpt_label	Neuts_Binom
param	set_min	10
param	res	C:\Users\Alice.Piller\OneDrive - AHRI\Documents\COVID-19 Neutralisation\sourceDataAndFiguresv2\data\gsea\Neuts_Binom\proteinsNeuts_Binom.gct.txt
param	chip	ftp.broadinstitute.org://pub/gsea/msigdb/human/annotations/Human_UniProt_IDs_MSigDB.v2024.1.Hs.chip
param	create_svgs	false
param	cls	C:\Users\Alice.Piller\OneDrive - AHRI\Documents\COVID-19 Neutralisation\sourceDataAndFiguresv2\data\gsea\Neuts_Binom\phenotypesNeuts_Binom.cls.txt#HighNeut_versus_LowNeut
param	sort	real
param	create_gcts	false
param	help	false
param	save_rnd_lists	false
param	median	false
param	metric	Signal2Noise
param	make_sets	true
param	rnd_type	no_balance
param	gui	false
param	permute	gene_set
param	collapse	Collapse

file	C:\Users\Alice.Piller\OneDrive - AHRI\Documents\COVID-19 Neutralisation\sourceDataAndFiguresv2\data\gsea\Neuts_Binom\Neuts_Binom.Gsea.1739901465163\index.html
